<?xml version="1.0" encoding="UTF-8"?>
<!-- Generated by org.testng.reporters.JUnitReportReporter -->
<testsuite skipped="0" hostname="DM303" name="IFA4ctestScripts.Adminlogintest" tests="1" failures="0" timestamp="08 Aug 2018 13:27:54 GMT" time="5.000" errors="0">
  <testcase name="AdminTitleTest" time="5.000" classname="IFA4ctestScripts.Adminlogintest"/>
</testsuite> <!-- IFA4ctestScripts.Adminlogintest -->
