<?xml version="1.0" encoding="UTF-8"?>
<!-- Generated by org.testng.reporters.JUnitReportReporter -->
<testsuite skipped="0" hostname="DM303" name="IFA4ctestScripts.IFACompanyTest" tests="1" failures="0" timestamp="08 Aug 2018 13:27:54 GMT" time="4.104" errors="0">
  <testcase name="IFADatabaseInfoTest" time="4.104" classname="IFA4ctestScripts.IFACompanyTest"/>
</testsuite> <!-- IFA4ctestScripts.IFACompanyTest -->
