<?xml version="1.0" encoding="UTF-8"?>
<!-- Generated by org.testng.reporters.JUnitReportReporter -->
<testsuite skipped="0" hostname="DM303" name="IFA4ctestScripts.Loginifa1_4cplatform" tests="1" failures="0" timestamp="08 Aug 2018 13:27:54 GMT" time="4.997" errors="0">
  <testcase name="IFATitleTest" time="4.997" classname="IFA4ctestScripts.Loginifa1_4cplatform"/>
</testsuite> <!-- IFA4ctestScripts.Loginifa1_4cplatform -->
