<?xml version="1.0" encoding="UTF-8"?>
<!-- Generated by org.testng.reporters.JUnitReportReporter -->
<testsuite skipped="0" hostname="DM303" name="IFA4ctestScripts.Contactform" tests="1" failures="0" timestamp="08 Aug 2018 13:27:54 GMT" time="21.537" errors="0">
  <testcase name="SubmitcontactformTest" time="21.537" classname="IFA4ctestScripts.Contactform"/>
</testsuite> <!-- IFA4ctestScripts.Contactform -->
