<?xml version="1.0" encoding="UTF-8"?>
<!-- Generated by org.testng.reporters.JUnitReportReporter -->
<testsuite skipped="0" hostname="DM303" name="IFA4ctestScripts.IFAJourney1" tests="1" failures="0" timestamp="08 Aug 2018 13:27:54 GMT" time="10.310" errors="0">
  <testcase name="AddNewClient" time="10.310" classname="IFA4ctestScripts.IFAJourney1"/>
</testsuite> <!-- IFA4ctestScripts.IFAJourney1 -->
